[0.060s] Invoking command in '/home/kartik/Desktop/freelance/r2_hopper_ws/build/hopper_description': CMAKE_PREFIX_PATH=/home/kartik/Desktop/freelance/r2_hopper_ws/install/hopper_description:/opt/ros/galactic:/home/kartik/Desktop/freelance/hopper_ws/devel:/opt/ros/noetic /usr/bin/cmake --build /home/kartik/Desktop/freelance/r2_hopper_ws/build/hopper_description -- -j8 -l8
[0.119s] -- Found ament_cmake: 1.1.6 (/opt/ros/galactic/share/ament_cmake/cmake)
[0.173s] -- Using PYTHON_EXECUTABLE: /usr/bin/python3
[0.313s] -- Found ament_lint_auto: 0.10.7 (/opt/ros/galactic/share/ament_lint_auto/cmake)
[0.426s] -- Configuring done
[0.432s] -- Generating done
[0.434s] -- Build files have been written to: /home/kartik/Desktop/freelance/r2_hopper_ws/build/hopper_description
[0.483s] Invoked command in '/home/kartik/Desktop/freelance/r2_hopper_ws/build/hopper_description' returned '0': CMAKE_PREFIX_PATH=/home/kartik/Desktop/freelance/r2_hopper_ws/install/hopper_description:/opt/ros/galactic:/home/kartik/Desktop/freelance/hopper_ws/devel:/opt/ros/noetic /usr/bin/cmake --build /home/kartik/Desktop/freelance/r2_hopper_ws/build/hopper_description -- -j8 -l8
[0.557s] Invoking command in '/home/kartik/Desktop/freelance/r2_hopper_ws/build/hopper_description': CMAKE_PREFIX_PATH=/home/kartik/Desktop/freelance/r2_hopper_ws/install/hopper_description:/opt/ros/galactic:/home/kartik/Desktop/freelance/hopper_ws/devel:/opt/ros/noetic /usr/bin/cmake --install /home/kartik/Desktop/freelance/r2_hopper_ws/build/hopper_description
[0.578s] -- Install configuration: ""
[0.579s] -- Up-to-date: /home/kartik/Desktop/freelance/r2_hopper_ws/install/hopper_description/share/hopper_description/config
[0.579s] -- Up-to-date: /home/kartik/Desktop/freelance/r2_hopper_ws/install/hopper_description/share/hopper_description/config/monoped.yaml
[0.579s] -- Installing: /home/kartik/Desktop/freelance/r2_hopper_ws/install/hopper_description/share/hopper_description/launch
[0.579s] -- Installing: /home/kartik/Desktop/freelance/r2_hopper_ws/install/hopper_description/share/hopper_description/launch/spawn_monoped.launch.py
[0.580s] -- Installing: /home/kartik/Desktop/freelance/r2_hopper_ws/install/hopper_description/share/hopper_description/launch/monoped_control.launch.py
[0.580s] -- Installing: /home/kartik/Desktop/freelance/r2_hopper_ws/install/hopper_description/share/hopper_description/launch/main.launch.py
[0.580s] -- Installing: /home/kartik/Desktop/freelance/r2_hopper_ws/install/hopper_description/share/hopper_description/launch/display.launch.py
[0.582s] -- Installing: /home/kartik/Desktop/freelance/r2_hopper_ws/install/hopper_description/share/hopper_description/meshes
[0.583s] -- Installing: /home/kartik/Desktop/freelance/r2_hopper_ws/install/hopper_description/share/hopper_description/meshes/trunk
[0.583s] -- Installing: /home/kartik/Desktop/freelance/r2_hopper_ws/install/hopper_description/share/hopper_description/meshes/trunk/trunk.dae
[0.583s] -- Installing: /home/kartik/Desktop/freelance/r2_hopper_ws/install/hopper_description/share/hopper_description/meshes/leg
[0.584s] -- Installing: /home/kartik/Desktop/freelance/r2_hopper_ws/install/hopper_description/share/hopper_description/meshes/leg/hipassembly.dae
[0.584s] -- Installing: /home/kartik/Desktop/freelance/r2_hopper_ws/install/hopper_description/share/hopper_description/meshes/leg/lowerleg.dae
[0.585s] -- Installing: /home/kartik/Desktop/freelance/r2_hopper_ws/install/hopper_description/share/hopper_description/meshes/leg/upperleg.dae
[0.585s] -- Installing: /home/kartik/Desktop/freelance/r2_hopper_ws/install/hopper_description/share/hopper_description/src
[0.585s] -- Installing: /home/kartik/Desktop/freelance/r2_hopper_ws/install/hopper_description/share/hopper_description/urdf
[0.585s] -- Installing: /home/kartik/Desktop/freelance/r2_hopper_ws/install/hopper_description/share/hopper_description/urdf/hopper.urdf.xacro
[0.586s] -- Installing: /home/kartik/Desktop/freelance/r2_hopper_ws/install/hopper_description/share/hopper_description/worlds
[0.586s] -- Installing: /home/kartik/Desktop/freelance/r2_hopper_ws/install/hopper_description/share/hopper_description/worlds/hopper_world.world
[0.586s] -- Installing: /home/kartik/Desktop/freelance/r2_hopper_ws/install/hopper_description/share/hopper_description/rviz
[0.586s] -- Installing: /home/kartik/Desktop/freelance/r2_hopper_ws/install/hopper_description/share/hopper_description/rviz/sensors.rviz
[0.593s] Invoked command in '/home/kartik/Desktop/freelance/r2_hopper_ws/build/hopper_description' returned '0': CMAKE_PREFIX_PATH=/home/kartik/Desktop/freelance/r2_hopper_ws/install/hopper_description:/opt/ros/galactic:/home/kartik/Desktop/freelance/hopper_ws/devel:/opt/ros/noetic /usr/bin/cmake --install /home/kartik/Desktop/freelance/r2_hopper_ws/build/hopper_description
