[1.154s] DEBUG:colcon:Command line arguments: ['/usr/bin/colcon', 'build']
[1.154s] DEBUG:colcon:Parsed command line arguments: Namespace(allow_overriding=[], ament_cmake_args=None, base_paths=['.'], bazel_args=None, bazel_task=None, build_base='build', catkin_cmake_args=None, catkin_skip_building_tests=False, cmake_args=None, cmake_clean_cache=False, cmake_clean_first=False, cmake_force_configure=False, cmake_target=None, cmake_target_skip_unavailable=False, continue_on_error=False, event_handlers=None, executor='parallel', ignore_user_meta=False, install_base='install', log_base=None, log_level=None, main=<bound method BuildVerb.main of <colcon_core.verb.build.BuildVerb object at 0x7f57ae540e20>>, merge_install=False, metas=['./colcon.meta'], mixin=None, mixin_files=None, mixin_verb=('build',), packages_above=None, packages_above_and_dependencies=None, packages_above_depth=None, packages_end=None, packages_ignore=None, packages_ignore_regex=None, packages_select=None, packages_select_build_failed=False, packages_select_by_dep=None, packages_select_regex=None, packages_select_test_failures=False, packages_skip=None, packages_skip_build_finished=False, packages_skip_by_dep=None, packages_skip_regex=None, packages_skip_test_passed=False, packages_skip_up_to=None, packages_start=None, packages_up_to=None, packages_up_to_regex=None, parallel_workers=8, paths=None, symlink_install=False, test_result_base=None, verb_extension=<colcon_core.verb.build.BuildVerb object at 0x7f57ae540e20>, verb_name='build', verb_parser=<colcon_alias.argument_parser.alias.AliasArgumentDecorator object at 0x7f57ae3fe580>)
[1.286s] Level 1:colcon.colcon_core.package_discovery:discover_packages(colcon_meta) check parameters
[1.287s] Level 1:colcon.colcon_core.package_discovery:discover_packages(recursive) check parameters
[1.287s] Level 1:colcon.colcon_core.package_discovery:discover_packages(ignore) check parameters
[1.287s] Level 1:colcon.colcon_core.package_discovery:discover_packages(path) check parameters
[1.287s] Level 1:colcon.colcon_core.package_discovery:discover_packages(colcon_meta) discover
[1.287s] Level 1:colcon.colcon_core.package_discovery:discover_packages(recursive) discover
[1.287s] INFO:colcon.colcon_core.package_discovery:Crawling recursively for packages in '/home/kartik/Desktop/freelance/r2_hopper_ws'
[1.287s] Level 1:colcon.colcon_core.package_identification:_identify(.) by extensions ['ignore', 'ignore_ament_install']
[1.288s] Level 1:colcon.colcon_core.package_identification:_identify(.) by extension 'ignore'
[1.288s] Level 1:colcon.colcon_core.package_identification:_identify(.) by extension 'ignore_ament_install'
[1.288s] Level 1:colcon.colcon_core.package_identification:_identify(.) by extensions ['colcon_pkg']
[1.288s] Level 1:colcon.colcon_core.package_identification:_identify(.) by extension 'colcon_pkg'
[1.288s] Level 1:colcon.colcon_core.package_identification:_identify(.) by extensions ['colcon_meta']
[1.288s] Level 1:colcon.colcon_core.package_identification:_identify(.) by extension 'colcon_meta'
[1.288s] Level 1:colcon.colcon_core.package_identification:_identify(.) by extensions ['ros']
[1.288s] Level 1:colcon.colcon_core.package_identification:_identify(.) by extension 'ros'
[1.293s] Level 1:colcon.colcon_core.package_identification:_identify(.) by extensions ['bazel', 'cmake', 'python']
[1.293s] Level 1:colcon.colcon_core.package_identification:_identify(.) by extension 'bazel'
[1.293s] Level 1:colcon.colcon_core.package_identification:_identify(.) by extension 'cmake'
[1.294s] Level 1:colcon.colcon_core.package_identification:_identify(.) by extension 'python'
[1.294s] Level 1:colcon.colcon_core.package_identification:_identify(.) by extensions ['python_setup_py']
[1.294s] Level 1:colcon.colcon_core.package_identification:_identify(.) by extension 'python_setup_py'
[1.294s] Level 1:colcon.colcon_core.package_identification:_identify(build) by extensions ['ignore', 'ignore_ament_install']
[1.294s] Level 1:colcon.colcon_core.package_identification:_identify(build) by extension 'ignore'
[1.294s] Level 1:colcon.colcon_core.package_identification:_identify(build) ignored
[1.294s] Level 1:colcon.colcon_core.package_identification:_identify(install) by extensions ['ignore', 'ignore_ament_install']
[1.295s] Level 1:colcon.colcon_core.package_identification:_identify(install) by extension 'ignore'
[1.295s] Level 1:colcon.colcon_core.package_identification:_identify(install) ignored
[1.295s] Level 1:colcon.colcon_core.package_identification:_identify(log) by extensions ['ignore', 'ignore_ament_install']
[1.295s] Level 1:colcon.colcon_core.package_identification:_identify(log) by extension 'ignore'
[1.295s] Level 1:colcon.colcon_core.package_identification:_identify(log) ignored
[1.295s] Level 1:colcon.colcon_core.package_identification:_identify(src) by extensions ['ignore', 'ignore_ament_install']
[1.295s] Level 1:colcon.colcon_core.package_identification:_identify(src) by extension 'ignore'
[1.295s] Level 1:colcon.colcon_core.package_identification:_identify(src) by extension 'ignore_ament_install'
[1.296s] Level 1:colcon.colcon_core.package_identification:_identify(src) by extensions ['colcon_pkg']
[1.296s] Level 1:colcon.colcon_core.package_identification:_identify(src) by extension 'colcon_pkg'
[1.296s] Level 1:colcon.colcon_core.package_identification:_identify(src) by extensions ['colcon_meta']
[1.296s] Level 1:colcon.colcon_core.package_identification:_identify(src) by extension 'colcon_meta'
[1.296s] Level 1:colcon.colcon_core.package_identification:_identify(src) by extensions ['ros']
[1.296s] Level 1:colcon.colcon_core.package_identification:_identify(src) by extension 'ros'
[1.296s] Level 1:colcon.colcon_core.package_identification:_identify(src) by extensions ['bazel', 'cmake', 'python']
[1.296s] Level 1:colcon.colcon_core.package_identification:_identify(src) by extension 'bazel'
[1.296s] Level 1:colcon.colcon_core.package_identification:_identify(src) by extension 'cmake'
[1.296s] Level 1:colcon.colcon_core.package_identification:_identify(src) by extension 'python'
[1.296s] Level 1:colcon.colcon_core.package_identification:_identify(src) by extensions ['python_setup_py']
[1.296s] Level 1:colcon.colcon_core.package_identification:_identify(src) by extension 'python_setup_py'
[1.297s] Level 1:colcon.colcon_core.package_identification:_identify(src/hopper_description) by extensions ['ignore', 'ignore_ament_install']
[1.297s] Level 1:colcon.colcon_core.package_identification:_identify(src/hopper_description) by extension 'ignore'
[1.297s] Level 1:colcon.colcon_core.package_identification:_identify(src/hopper_description) by extension 'ignore_ament_install'
[1.297s] Level 1:colcon.colcon_core.package_identification:_identify(src/hopper_description) by extensions ['colcon_pkg']
[1.297s] Level 1:colcon.colcon_core.package_identification:_identify(src/hopper_description) by extension 'colcon_pkg'
[1.297s] Level 1:colcon.colcon_core.package_identification:_identify(src/hopper_description) by extensions ['colcon_meta']
[1.297s] Level 1:colcon.colcon_core.package_identification:_identify(src/hopper_description) by extension 'colcon_meta'
[1.297s] Level 1:colcon.colcon_core.package_identification:_identify(src/hopper_description) by extensions ['ros']
[1.297s] Level 1:colcon.colcon_core.package_identification:_identify(src/hopper_description) by extension 'ros'
[1.302s] DEBUG:colcon.colcon_core.package_identification:Package 'src/hopper_description' with type 'ros.ament_cmake' and name 'hopper_description'
[1.302s] Level 1:colcon.colcon_core.package_discovery:discover_packages(recursive) using defaults
[1.302s] Level 1:colcon.colcon_core.package_discovery:discover_packages(ignore) discover
[1.302s] Level 1:colcon.colcon_core.package_discovery:discover_packages(ignore) using defaults
[1.302s] Level 1:colcon.colcon_core.package_discovery:discover_packages(path) discover
[1.302s] Level 1:colcon.colcon_core.package_discovery:discover_packages(path) using defaults
[1.351s] Level 1:colcon.colcon_core.package_discovery:discover_packages(prefix_path) check parameters
[1.352s] Level 1:colcon.colcon_core.package_discovery:discover_packages(prefix_path) discover
[1.355s] WARNING:colcon.colcon_ros.prefix_path.ament:The path '/home/kartik/Desktop/freelance/r2_hopper_ws/install/hopper_description' in the environment variable AMENT_PREFIX_PATH doesn't exist
[1.355s] WARNING:colcon.colcon_ros.prefix_path.catkin:The path '/home/kartik/Desktop/freelance/r2_hopper_ws/install/hopper_description' in the environment variable CMAKE_PREFIX_PATH doesn't exist
[1.359s] DEBUG:colcon.colcon_installed_package_information.package_discovery:Found 0 installed packages in /home/kartik/Desktop/freelance/r2_hopper_ws/install
[1.365s] DEBUG:colcon.colcon_installed_package_information.package_discovery:Found 472 installed packages in /opt/ros/galactic
[1.375s] DEBUG:colcon.colcon_installed_package_information.package_discovery:Found 3 installed packages in /opt/ros/noetic
[1.376s] Level 1:colcon.colcon_core.package_discovery:discover_packages(prefix_path) using defaults
[1.614s] Level 5:colcon.colcon_core.verb:set package 'hopper_description' build argument 'bazel_args' from command line to 'None'
[1.614s] Level 5:colcon.colcon_core.verb:set package 'hopper_description' build argument 'bazel_task' from command line to 'None'
[1.614s] Level 5:colcon.colcon_core.verb:set package 'hopper_description' build argument 'cmake_args' from command line to 'None'
[1.614s] Level 5:colcon.colcon_core.verb:set package 'hopper_description' build argument 'cmake_target' from command line to 'None'
[1.614s] Level 5:colcon.colcon_core.verb:set package 'hopper_description' build argument 'cmake_target_skip_unavailable' from command line to 'False'
[1.615s] Level 5:colcon.colcon_core.verb:set package 'hopper_description' build argument 'cmake_clean_cache' from command line to 'False'
[1.615s] Level 5:colcon.colcon_core.verb:set package 'hopper_description' build argument 'cmake_clean_first' from command line to 'False'
[1.615s] Level 5:colcon.colcon_core.verb:set package 'hopper_description' build argument 'cmake_force_configure' from command line to 'False'
[1.615s] Level 5:colcon.colcon_core.verb:set package 'hopper_description' build argument 'ament_cmake_args' from command line to 'None'
[1.615s] Level 5:colcon.colcon_core.verb:set package 'hopper_description' build argument 'catkin_cmake_args' from command line to 'None'
[1.615s] Level 5:colcon.colcon_core.verb:set package 'hopper_description' build argument 'catkin_skip_building_tests' from command line to 'False'
[1.615s] DEBUG:colcon.colcon_core.verb:Building package 'hopper_description' with the following arguments: {'ament_cmake_args': None, 'bazel_args': None, 'bazel_task': None, 'build_base': '/home/kartik/Desktop/freelance/r2_hopper_ws/build/hopper_description', 'catkin_cmake_args': None, 'catkin_skip_building_tests': False, 'cmake_args': None, 'cmake_clean_cache': False, 'cmake_clean_first': False, 'cmake_force_configure': False, 'cmake_target': None, 'cmake_target_skip_unavailable': False, 'install_base': '/home/kartik/Desktop/freelance/r2_hopper_ws/install/hopper_description', 'merge_install': False, 'path': '/home/kartik/Desktop/freelance/r2_hopper_ws/src/hopper_description', 'symlink_install': False, 'test_result_base': None}
[1.618s] INFO:colcon.colcon_core.executor:Executing jobs using 'parallel' executor
[1.631s] DEBUG:colcon.colcon_parallel_executor.executor.parallel:run_until_complete
[1.631s] INFO:colcon.colcon_ros.task.ament_cmake.build:Building ROS package in '/home/kartik/Desktop/freelance/r2_hopper_ws/src/hopper_description' with build type 'ament_cmake'
[1.632s] INFO:colcon.colcon_cmake.task.cmake.build:Building CMake package in '/home/kartik/Desktop/freelance/r2_hopper_ws/src/hopper_description'
[1.643s] INFO:colcon.colcon_core.plugin_system:Skipping extension 'colcon_core.shell.bat': Not used on non-Windows systems
[1.644s] INFO:colcon.colcon_core.shell:Skip shell extension 'powershell' for command environment: Not usable outside of PowerShell
[1.644s] DEBUG:colcon.colcon_core.shell:Skip shell extension 'dsv' for command environment
[1.661s] DEBUG:colcon.colcon_core.shell:Ignoring prefix path '/home/kartik/Desktop/freelance/hopper_ws/devel'
[1.686s] DEBUG:colcon.colcon_core.event_handler.log_command:Invoking command in '/home/kartik/Desktop/freelance/r2_hopper_ws/build/hopper_description': CMAKE_PREFIX_PATH=/home/kartik/Desktop/freelance/r2_hopper_ws/install/hopper_description:/opt/ros/galactic:/home/kartik/Desktop/freelance/hopper_ws/devel:/opt/ros/noetic /usr/bin/cmake /home/kartik/Desktop/freelance/r2_hopper_ws/src/hopper_description -DCMAKE_INSTALL_PREFIX=/home/kartik/Desktop/freelance/r2_hopper_ws/install/hopper_description
[2.927s] DEBUG:colcon.colcon_core.event_handler.log_command:Invoked command in '/home/kartik/Desktop/freelance/r2_hopper_ws/build/hopper_description' returned '0': CMAKE_PREFIX_PATH=/home/kartik/Desktop/freelance/r2_hopper_ws/install/hopper_description:/opt/ros/galactic:/home/kartik/Desktop/freelance/hopper_ws/devel:/opt/ros/noetic /usr/bin/cmake /home/kartik/Desktop/freelance/r2_hopper_ws/src/hopper_description -DCMAKE_INSTALL_PREFIX=/home/kartik/Desktop/freelance/r2_hopper_ws/install/hopper_description
[2.934s] DEBUG:colcon.colcon_core.event_handler.log_command:Invoking command in '/home/kartik/Desktop/freelance/r2_hopper_ws/build/hopper_description': CMAKE_PREFIX_PATH=/home/kartik/Desktop/freelance/r2_hopper_ws/install/hopper_description:/opt/ros/galactic:/home/kartik/Desktop/freelance/hopper_ws/devel:/opt/ros/noetic /usr/bin/cmake --build /home/kartik/Desktop/freelance/r2_hopper_ws/build/hopper_description -- -j8 -l8
[3.026s] DEBUG:colcon.colcon_core.event_handler.log_command:Invoked command in '/home/kartik/Desktop/freelance/r2_hopper_ws/build/hopper_description' returned '0': CMAKE_PREFIX_PATH=/home/kartik/Desktop/freelance/r2_hopper_ws/install/hopper_description:/opt/ros/galactic:/home/kartik/Desktop/freelance/hopper_ws/devel:/opt/ros/noetic /usr/bin/cmake --build /home/kartik/Desktop/freelance/r2_hopper_ws/build/hopper_description -- -j8 -l8
[3.108s] DEBUG:colcon.colcon_core.event_handler.log_command:Invoking command in '/home/kartik/Desktop/freelance/r2_hopper_ws/build/hopper_description': CMAKE_PREFIX_PATH=/home/kartik/Desktop/freelance/r2_hopper_ws/install/hopper_description:/opt/ros/galactic:/home/kartik/Desktop/freelance/hopper_ws/devel:/opt/ros/noetic /usr/bin/cmake --install /home/kartik/Desktop/freelance/r2_hopper_ws/build/hopper_description
[3.134s] DEBUG:colcon.colcon_core.event_handler.log_command:Invoked command in '/home/kartik/Desktop/freelance/r2_hopper_ws/build/hopper_description' returned '1': CMAKE_PREFIX_PATH=/home/kartik/Desktop/freelance/r2_hopper_ws/install/hopper_description:/opt/ros/galactic:/home/kartik/Desktop/freelance/hopper_ws/devel:/opt/ros/noetic /usr/bin/cmake --install /home/kartik/Desktop/freelance/r2_hopper_ws/build/hopper_description
[3.193s] Level 1:colcon.colcon_core.environment:create_environment_scripts_only(hopper_description)
[3.213s] Level 1:colcon.colcon_core.environment:checking '/home/kartik/Desktop/freelance/r2_hopper_ws/install/hopper_description' for CMake module files
[3.214s] Level 1:colcon.colcon_core.environment:checking '/home/kartik/Desktop/freelance/r2_hopper_ws/install/hopper_description' for CMake config files
[3.215s] Level 1:colcon.colcon_core.environment:checking '/home/kartik/Desktop/freelance/r2_hopper_ws/install/hopper_description/bin'
[3.215s] Level 1:colcon.colcon_core.environment:checking '/home/kartik/Desktop/freelance/r2_hopper_ws/install/hopper_description/lib/pkgconfig/hopper_description.pc'
[3.217s] Level 1:colcon.colcon_core.environment:checking '/home/kartik/Desktop/freelance/r2_hopper_ws/install/hopper_description/lib/python3.8/site-packages'
[3.217s] Level 1:colcon.colcon_core.environment:checking '/home/kartik/Desktop/freelance/r2_hopper_ws/install/hopper_description/bin'
[3.224s] INFO:colcon.colcon_core.shell:Creating package script '/home/kartik/Desktop/freelance/r2_hopper_ws/install/hopper_description/share/hopper_description/package.ps1'
[3.226s] INFO:colcon.colcon_core.shell:Creating package descriptor '/home/kartik/Desktop/freelance/r2_hopper_ws/install/hopper_description/share/hopper_description/package.dsv'
[3.227s] INFO:colcon.colcon_core.shell:Creating package script '/home/kartik/Desktop/freelance/r2_hopper_ws/install/hopper_description/share/hopper_description/package.sh'
[3.228s] INFO:colcon.colcon_core.shell:Creating package script '/home/kartik/Desktop/freelance/r2_hopper_ws/install/hopper_description/share/hopper_description/package.bash'
[3.229s] INFO:colcon.colcon_core.shell:Creating package script '/home/kartik/Desktop/freelance/r2_hopper_ws/install/hopper_description/share/hopper_description/package.zsh'
[3.230s] Level 1:colcon.colcon_core.environment:create_file_with_runtime_dependencies(/home/kartik/Desktop/freelance/r2_hopper_ws/install/hopper_description/share/colcon-core/packages/hopper_description)
[3.242s] DEBUG:colcon.colcon_parallel_executor.executor.parallel:closing loop
[3.242s] DEBUG:colcon.colcon_parallel_executor.executor.parallel:loop closed
[3.242s] DEBUG:colcon.colcon_parallel_executor.executor.parallel:run_until_complete finished with '1'
[3.243s] DEBUG:colcon.colcon_core.event_reactor:joining thread
[3.258s] INFO:colcon.colcon_core.plugin_system:Skipping extension 'colcon_notification.desktop_notification.terminal_notifier': Not used on non-Darwin systems
[3.259s] INFO:colcon.colcon_core.plugin_system:Skipping extension 'colcon_notification.desktop_notification.win32': Not used on non-Windows systems
[3.259s] INFO:colcon.colcon_notification.desktop_notification:Sending desktop notification using 'notify2'
[3.294s] DEBUG:colcon.colcon_core.event_reactor:joined thread
[3.305s] INFO:colcon.colcon_core.shell:Creating prefix script '/home/kartik/Desktop/freelance/r2_hopper_ws/install/local_setup.ps1'
[3.308s] INFO:colcon.colcon_core.shell:Creating prefix util module '/home/kartik/Desktop/freelance/r2_hopper_ws/install/_local_setup_util_ps1.py'
[3.310s] INFO:colcon.colcon_core.shell:Creating prefix chain script '/home/kartik/Desktop/freelance/r2_hopper_ws/install/setup.ps1'
[3.315s] INFO:colcon.colcon_core.shell:Creating prefix script '/home/kartik/Desktop/freelance/r2_hopper_ws/install/local_setup.sh'
[3.316s] INFO:colcon.colcon_core.shell:Creating prefix util module '/home/kartik/Desktop/freelance/r2_hopper_ws/install/_local_setup_util_sh.py'
[3.317s] INFO:colcon.colcon_core.shell:Creating prefix chain script '/home/kartik/Desktop/freelance/r2_hopper_ws/install/setup.sh'
[3.321s] INFO:colcon.colcon_core.shell:Creating prefix script '/home/kartik/Desktop/freelance/r2_hopper_ws/install/local_setup.bash'
[3.322s] INFO:colcon.colcon_core.shell:Creating prefix chain script '/home/kartik/Desktop/freelance/r2_hopper_ws/install/setup.bash'
[3.327s] INFO:colcon.colcon_core.shell:Creating prefix script '/home/kartik/Desktop/freelance/r2_hopper_ws/install/local_setup.zsh'
[3.329s] INFO:colcon.colcon_core.shell:Creating prefix chain script '/home/kartik/Desktop/freelance/r2_hopper_ws/install/setup.zsh'
