[1.162s] DEBUG:colcon:Command line arguments: ['/usr/bin/colcon', 'build']
[1.163s] DEBUG:colcon:Parsed command line arguments: Namespace(allow_overriding=[], ament_cmake_args=None, base_paths=['.'], bazel_args=None, bazel_task=None, build_base='build', catkin_cmake_args=None, catkin_skip_building_tests=False, cmake_args=None, cmake_clean_cache=False, cmake_clean_first=False, cmake_force_configure=False, cmake_target=None, cmake_target_skip_unavailable=False, continue_on_error=False, event_handlers=None, executor='parallel', ignore_user_meta=False, install_base='install', log_base=None, log_level=None, main=<bound method BuildVerb.main of <colcon_core.verb.build.BuildVerb object at 0x7f0b024addf0>>, merge_install=False, metas=['./colcon.meta'], mixin=None, mixin_files=None, mixin_verb=('build',), packages_above=None, packages_above_and_dependencies=None, packages_above_depth=None, packages_end=None, packages_ignore=None, packages_ignore_regex=None, packages_select=None, packages_select_build_failed=False, packages_select_by_dep=None, packages_select_regex=None, packages_select_test_failures=False, packages_skip=None, packages_skip_build_finished=False, packages_skip_by_dep=None, packages_skip_regex=None, packages_skip_test_passed=False, packages_skip_up_to=None, packages_start=None, packages_up_to=None, packages_up_to_regex=None, parallel_workers=8, paths=None, symlink_install=False, test_result_base=None, verb_extension=<colcon_core.verb.build.BuildVerb object at 0x7f0b024addf0>, verb_name='build', verb_parser=<colcon_alias.argument_parser.alias.AliasArgumentDecorator object at 0x7f0b0236b580>)
[1.291s] Level 1:colcon.colcon_core.package_discovery:discover_packages(colcon_meta) check parameters
[1.292s] Level 1:colcon.colcon_core.package_discovery:discover_packages(recursive) check parameters
[1.292s] Level 1:colcon.colcon_core.package_discovery:discover_packages(ignore) check parameters
[1.292s] Level 1:colcon.colcon_core.package_discovery:discover_packages(path) check parameters
[1.292s] Level 1:colcon.colcon_core.package_discovery:discover_packages(colcon_meta) discover
[1.292s] Level 1:colcon.colcon_core.package_discovery:discover_packages(recursive) discover
[1.292s] INFO:colcon.colcon_core.package_discovery:Crawling recursively for packages in '/home/kartik/Desktop/freelance/r2_hopper_ws'
[1.293s] Level 1:colcon.colcon_core.package_identification:_identify(.) by extensions ['ignore', 'ignore_ament_install']
[1.293s] Level 1:colcon.colcon_core.package_identification:_identify(.) by extension 'ignore'
[1.293s] Level 1:colcon.colcon_core.package_identification:_identify(.) by extension 'ignore_ament_install'
[1.293s] Level 1:colcon.colcon_core.package_identification:_identify(.) by extensions ['colcon_pkg']
[1.293s] Level 1:colcon.colcon_core.package_identification:_identify(.) by extension 'colcon_pkg'
[1.293s] Level 1:colcon.colcon_core.package_identification:_identify(.) by extensions ['colcon_meta']
[1.293s] Level 1:colcon.colcon_core.package_identification:_identify(.) by extension 'colcon_meta'
[1.293s] Level 1:colcon.colcon_core.package_identification:_identify(.) by extensions ['ros']
[1.293s] Level 1:colcon.colcon_core.package_identification:_identify(.) by extension 'ros'
[1.298s] Level 1:colcon.colcon_core.package_identification:_identify(.) by extensions ['bazel', 'cmake', 'python']
[1.298s] Level 1:colcon.colcon_core.package_identification:_identify(.) by extension 'bazel'
[1.298s] Level 1:colcon.colcon_core.package_identification:_identify(.) by extension 'cmake'
[1.299s] Level 1:colcon.colcon_core.package_identification:_identify(.) by extension 'python'
[1.299s] Level 1:colcon.colcon_core.package_identification:_identify(.) by extensions ['python_setup_py']
[1.299s] Level 1:colcon.colcon_core.package_identification:_identify(.) by extension 'python_setup_py'
[1.299s] Level 1:colcon.colcon_core.package_identification:_identify(build) by extensions ['ignore', 'ignore_ament_install']
[1.299s] Level 1:colcon.colcon_core.package_identification:_identify(build) by extension 'ignore'
[1.299s] Level 1:colcon.colcon_core.package_identification:_identify(build) ignored
[1.300s] Level 1:colcon.colcon_core.package_identification:_identify(install) by extensions ['ignore', 'ignore_ament_install']
[1.300s] Level 1:colcon.colcon_core.package_identification:_identify(install) by extension 'ignore'
[1.300s] Level 1:colcon.colcon_core.package_identification:_identify(install) ignored
[1.300s] Level 1:colcon.colcon_core.package_identification:_identify(log) by extensions ['ignore', 'ignore_ament_install']
[1.300s] Level 1:colcon.colcon_core.package_identification:_identify(log) by extension 'ignore'
[1.300s] Level 1:colcon.colcon_core.package_identification:_identify(log) ignored
[1.301s] Level 1:colcon.colcon_core.package_identification:_identify(src) by extensions ['ignore', 'ignore_ament_install']
[1.301s] Level 1:colcon.colcon_core.package_identification:_identify(src) by extension 'ignore'
[1.301s] Level 1:colcon.colcon_core.package_identification:_identify(src) by extension 'ignore_ament_install'
[1.301s] Level 1:colcon.colcon_core.package_identification:_identify(src) by extensions ['colcon_pkg']
[1.301s] Level 1:colcon.colcon_core.package_identification:_identify(src) by extension 'colcon_pkg'
[1.301s] Level 1:colcon.colcon_core.package_identification:_identify(src) by extensions ['colcon_meta']
[1.301s] Level 1:colcon.colcon_core.package_identification:_identify(src) by extension 'colcon_meta'
[1.301s] Level 1:colcon.colcon_core.package_identification:_identify(src) by extensions ['ros']
[1.301s] Level 1:colcon.colcon_core.package_identification:_identify(src) by extension 'ros'
[1.302s] Level 1:colcon.colcon_core.package_identification:_identify(src) by extensions ['bazel', 'cmake', 'python']
[1.302s] Level 1:colcon.colcon_core.package_identification:_identify(src) by extension 'bazel'
[1.302s] Level 1:colcon.colcon_core.package_identification:_identify(src) by extension 'cmake'
[1.302s] Level 1:colcon.colcon_core.package_identification:_identify(src) by extension 'python'
[1.302s] Level 1:colcon.colcon_core.package_identification:_identify(src) by extensions ['python_setup_py']
[1.302s] Level 1:colcon.colcon_core.package_identification:_identify(src) by extension 'python_setup_py'
[1.302s] Level 1:colcon.colcon_core.package_identification:_identify(src/hopper_description) by extensions ['ignore', 'ignore_ament_install']
[1.302s] Level 1:colcon.colcon_core.package_identification:_identify(src/hopper_description) by extension 'ignore'
[1.302s] Level 1:colcon.colcon_core.package_identification:_identify(src/hopper_description) by extension 'ignore_ament_install'
[1.303s] Level 1:colcon.colcon_core.package_identification:_identify(src/hopper_description) by extensions ['colcon_pkg']
[1.303s] Level 1:colcon.colcon_core.package_identification:_identify(src/hopper_description) by extension 'colcon_pkg'
[1.303s] Level 1:colcon.colcon_core.package_identification:_identify(src/hopper_description) by extensions ['colcon_meta']
[1.303s] Level 1:colcon.colcon_core.package_identification:_identify(src/hopper_description) by extension 'colcon_meta'
[1.303s] Level 1:colcon.colcon_core.package_identification:_identify(src/hopper_description) by extensions ['ros']
[1.303s] Level 1:colcon.colcon_core.package_identification:_identify(src/hopper_description) by extension 'ros'
[1.307s] DEBUG:colcon.colcon_core.package_identification:Package 'src/hopper_description' with type 'ros.ament_cmake' and name 'hopper_description'
[1.307s] Level 1:colcon.colcon_core.package_discovery:discover_packages(recursive) using defaults
[1.307s] Level 1:colcon.colcon_core.package_discovery:discover_packages(ignore) discover
[1.307s] Level 1:colcon.colcon_core.package_discovery:discover_packages(ignore) using defaults
[1.307s] Level 1:colcon.colcon_core.package_discovery:discover_packages(path) discover
[1.308s] Level 1:colcon.colcon_core.package_discovery:discover_packages(path) using defaults
[1.355s] Level 1:colcon.colcon_core.package_discovery:discover_packages(prefix_path) check parameters
[1.356s] Level 1:colcon.colcon_core.package_discovery:discover_packages(prefix_path) discover
[1.362s] DEBUG:colcon.colcon_installed_package_information.package_discovery:Found 1 installed packages in /home/kartik/Desktop/freelance/r2_hopper_ws/install
[1.368s] DEBUG:colcon.colcon_installed_package_information.package_discovery:Found 472 installed packages in /opt/ros/galactic
[1.378s] DEBUG:colcon.colcon_installed_package_information.package_discovery:Found 3 installed packages in /opt/ros/noetic
[1.379s] Level 1:colcon.colcon_core.package_discovery:discover_packages(prefix_path) using defaults
[1.650s] Level 5:colcon.colcon_core.verb:set package 'hopper_description' build argument 'bazel_args' from command line to 'None'
[1.650s] Level 5:colcon.colcon_core.verb:set package 'hopper_description' build argument 'bazel_task' from command line to 'None'
[1.651s] Level 5:colcon.colcon_core.verb:set package 'hopper_description' build argument 'cmake_args' from command line to 'None'
[1.651s] Level 5:colcon.colcon_core.verb:set package 'hopper_description' build argument 'cmake_target' from command line to 'None'
[1.651s] Level 5:colcon.colcon_core.verb:set package 'hopper_description' build argument 'cmake_target_skip_unavailable' from command line to 'False'
[1.651s] Level 5:colcon.colcon_core.verb:set package 'hopper_description' build argument 'cmake_clean_cache' from command line to 'False'
[1.651s] Level 5:colcon.colcon_core.verb:set package 'hopper_description' build argument 'cmake_clean_first' from command line to 'False'
[1.651s] Level 5:colcon.colcon_core.verb:set package 'hopper_description' build argument 'cmake_force_configure' from command line to 'False'
[1.651s] Level 5:colcon.colcon_core.verb:set package 'hopper_description' build argument 'ament_cmake_args' from command line to 'None'
[1.651s] Level 5:colcon.colcon_core.verb:set package 'hopper_description' build argument 'catkin_cmake_args' from command line to 'None'
[1.651s] Level 5:colcon.colcon_core.verb:set package 'hopper_description' build argument 'catkin_skip_building_tests' from command line to 'False'
[1.651s] DEBUG:colcon.colcon_core.verb:Building package 'hopper_description' with the following arguments: {'ament_cmake_args': None, 'bazel_args': None, 'bazel_task': None, 'build_base': '/home/kartik/Desktop/freelance/r2_hopper_ws/build/hopper_description', 'catkin_cmake_args': None, 'catkin_skip_building_tests': False, 'cmake_args': None, 'cmake_clean_cache': False, 'cmake_clean_first': False, 'cmake_force_configure': False, 'cmake_target': None, 'cmake_target_skip_unavailable': False, 'install_base': '/home/kartik/Desktop/freelance/r2_hopper_ws/install/hopper_description', 'merge_install': False, 'path': '/home/kartik/Desktop/freelance/r2_hopper_ws/src/hopper_description', 'symlink_install': False, 'test_result_base': None}
[1.655s] INFO:colcon.colcon_core.executor:Executing jobs using 'parallel' executor
[1.669s] DEBUG:colcon.colcon_parallel_executor.executor.parallel:run_until_complete
[1.670s] INFO:colcon.colcon_ros.task.ament_cmake.build:Building ROS package in '/home/kartik/Desktop/freelance/r2_hopper_ws/src/hopper_description' with build type 'ament_cmake'
[1.670s] INFO:colcon.colcon_cmake.task.cmake.build:Building CMake package in '/home/kartik/Desktop/freelance/r2_hopper_ws/src/hopper_description'
[1.689s] INFO:colcon.colcon_core.plugin_system:Skipping extension 'colcon_core.shell.bat': Not used on non-Windows systems
[1.690s] INFO:colcon.colcon_core.shell:Skip shell extension 'powershell' for command environment: Not usable outside of PowerShell
[1.690s] DEBUG:colcon.colcon_core.shell:Skip shell extension 'dsv' for command environment
[1.705s] DEBUG:colcon.colcon_core.shell:Ignoring prefix path '/home/kartik/Desktop/freelance/hopper_ws/devel'
[1.734s] DEBUG:colcon.colcon_core.event_handler.log_command:Invoking command in '/home/kartik/Desktop/freelance/r2_hopper_ws/build/hopper_description': CMAKE_PREFIX_PATH=/home/kartik/Desktop/freelance/r2_hopper_ws/install/hopper_description:/opt/ros/galactic:/home/kartik/Desktop/freelance/hopper_ws/devel:/opt/ros/noetic /usr/bin/cmake --build /home/kartik/Desktop/freelance/r2_hopper_ws/build/hopper_description -- -j8 -l8
[2.157s] DEBUG:colcon.colcon_core.event_handler.log_command:Invoked command in '/home/kartik/Desktop/freelance/r2_hopper_ws/build/hopper_description' returned '0': CMAKE_PREFIX_PATH=/home/kartik/Desktop/freelance/r2_hopper_ws/install/hopper_description:/opt/ros/galactic:/home/kartik/Desktop/freelance/hopper_ws/devel:/opt/ros/noetic /usr/bin/cmake --build /home/kartik/Desktop/freelance/r2_hopper_ws/build/hopper_description -- -j8 -l8
[2.232s] DEBUG:colcon.colcon_core.event_handler.log_command:Invoking command in '/home/kartik/Desktop/freelance/r2_hopper_ws/build/hopper_description': CMAKE_PREFIX_PATH=/home/kartik/Desktop/freelance/r2_hopper_ws/install/hopper_description:/opt/ros/galactic:/home/kartik/Desktop/freelance/hopper_ws/devel:/opt/ros/noetic /usr/bin/cmake --install /home/kartik/Desktop/freelance/r2_hopper_ws/build/hopper_description
[2.262s] Level 1:colcon.colcon_core.environment:create_environment_scripts_only(hopper_description)
[2.267s] DEBUG:colcon.colcon_core.event_handler.log_command:Invoked command in '/home/kartik/Desktop/freelance/r2_hopper_ws/build/hopper_description' returned '0': CMAKE_PREFIX_PATH=/home/kartik/Desktop/freelance/r2_hopper_ws/install/hopper_description:/opt/ros/galactic:/home/kartik/Desktop/freelance/hopper_ws/devel:/opt/ros/noetic /usr/bin/cmake --install /home/kartik/Desktop/freelance/r2_hopper_ws/build/hopper_description
[2.281s] Level 1:colcon.colcon_core.environment:checking '/home/kartik/Desktop/freelance/r2_hopper_ws/install/hopper_description' for CMake module files
[2.281s] Level 1:colcon.colcon_core.environment:checking '/home/kartik/Desktop/freelance/r2_hopper_ws/install/hopper_description' for CMake config files
[2.283s] Level 1:colcon.colcon_core.environment:checking '/home/kartik/Desktop/freelance/r2_hopper_ws/install/hopper_description/bin'
[2.283s] Level 1:colcon.colcon_core.environment:checking '/home/kartik/Desktop/freelance/r2_hopper_ws/install/hopper_description/lib/pkgconfig/hopper_description.pc'
[2.283s] Level 1:colcon.colcon_core.environment:checking '/home/kartik/Desktop/freelance/r2_hopper_ws/install/hopper_description/lib/python3.8/site-packages'
[2.284s] Level 1:colcon.colcon_core.environment:checking '/home/kartik/Desktop/freelance/r2_hopper_ws/install/hopper_description/bin'
[2.290s] INFO:colcon.colcon_core.shell:Creating package script '/home/kartik/Desktop/freelance/r2_hopper_ws/install/hopper_description/share/hopper_description/package.ps1'
[2.291s] INFO:colcon.colcon_core.shell:Creating package descriptor '/home/kartik/Desktop/freelance/r2_hopper_ws/install/hopper_description/share/hopper_description/package.dsv'
[2.292s] INFO:colcon.colcon_core.shell:Creating package script '/home/kartik/Desktop/freelance/r2_hopper_ws/install/hopper_description/share/hopper_description/package.sh'
[2.293s] INFO:colcon.colcon_core.shell:Creating package script '/home/kartik/Desktop/freelance/r2_hopper_ws/install/hopper_description/share/hopper_description/package.bash'
[2.294s] INFO:colcon.colcon_core.shell:Creating package script '/home/kartik/Desktop/freelance/r2_hopper_ws/install/hopper_description/share/hopper_description/package.zsh'
[2.295s] Level 1:colcon.colcon_core.environment:create_file_with_runtime_dependencies(/home/kartik/Desktop/freelance/r2_hopper_ws/install/hopper_description/share/colcon-core/packages/hopper_description)
[2.352s] Level 1:colcon.colcon_core.environment:create_environment_scripts_only(hopper_description)
[2.363s] Level 1:colcon.colcon_core.environment:checking '/home/kartik/Desktop/freelance/r2_hopper_ws/install/hopper_description' for CMake module files
[2.364s] Level 1:colcon.colcon_core.environment:checking '/home/kartik/Desktop/freelance/r2_hopper_ws/install/hopper_description' for CMake config files
[2.365s] Level 1:colcon.colcon_core.environment:checking '/home/kartik/Desktop/freelance/r2_hopper_ws/install/hopper_description/bin'
[2.365s] Level 1:colcon.colcon_core.environment:checking '/home/kartik/Desktop/freelance/r2_hopper_ws/install/hopper_description/lib/pkgconfig/hopper_description.pc'
[2.366s] Level 1:colcon.colcon_core.environment:checking '/home/kartik/Desktop/freelance/r2_hopper_ws/install/hopper_description/lib/python3.8/site-packages'
[2.366s] Level 1:colcon.colcon_core.environment:checking '/home/kartik/Desktop/freelance/r2_hopper_ws/install/hopper_description/bin'
[2.375s] INFO:colcon.colcon_core.shell:Creating package script '/home/kartik/Desktop/freelance/r2_hopper_ws/install/hopper_description/share/hopper_description/package.ps1'
[2.377s] INFO:colcon.colcon_core.shell:Creating package descriptor '/home/kartik/Desktop/freelance/r2_hopper_ws/install/hopper_description/share/hopper_description/package.dsv'
[2.378s] INFO:colcon.colcon_core.shell:Creating package script '/home/kartik/Desktop/freelance/r2_hopper_ws/install/hopper_description/share/hopper_description/package.sh'
[2.378s] INFO:colcon.colcon_core.shell:Creating package script '/home/kartik/Desktop/freelance/r2_hopper_ws/install/hopper_description/share/hopper_description/package.bash'
[2.379s] INFO:colcon.colcon_core.shell:Creating package script '/home/kartik/Desktop/freelance/r2_hopper_ws/install/hopper_description/share/hopper_description/package.zsh'
[2.380s] Level 1:colcon.colcon_core.environment:create_file_with_runtime_dependencies(/home/kartik/Desktop/freelance/r2_hopper_ws/install/hopper_description/share/colcon-core/packages/hopper_description)
[2.380s] DEBUG:colcon.colcon_parallel_executor.executor.parallel:closing loop
[2.381s] DEBUG:colcon.colcon_parallel_executor.executor.parallel:loop closed
[2.381s] DEBUG:colcon.colcon_parallel_executor.executor.parallel:run_until_complete finished with '0'
[2.381s] DEBUG:colcon.colcon_core.event_reactor:joining thread
[2.396s] INFO:colcon.colcon_core.plugin_system:Skipping extension 'colcon_notification.desktop_notification.terminal_notifier': Not used on non-Darwin systems
[2.396s] INFO:colcon.colcon_core.plugin_system:Skipping extension 'colcon_notification.desktop_notification.win32': Not used on non-Windows systems
[2.396s] INFO:colcon.colcon_notification.desktop_notification:Sending desktop notification using 'notify2'
[2.434s] DEBUG:colcon.colcon_core.event_reactor:joined thread
[2.444s] INFO:colcon.colcon_core.shell:Creating prefix script '/home/kartik/Desktop/freelance/r2_hopper_ws/install/local_setup.ps1'
[2.447s] INFO:colcon.colcon_core.shell:Creating prefix util module '/home/kartik/Desktop/freelance/r2_hopper_ws/install/_local_setup_util_ps1.py'
[2.450s] INFO:colcon.colcon_core.shell:Creating prefix chain script '/home/kartik/Desktop/freelance/r2_hopper_ws/install/setup.ps1'
[2.454s] INFO:colcon.colcon_core.shell:Creating prefix script '/home/kartik/Desktop/freelance/r2_hopper_ws/install/local_setup.sh'
[2.455s] INFO:colcon.colcon_core.shell:Creating prefix util module '/home/kartik/Desktop/freelance/r2_hopper_ws/install/_local_setup_util_sh.py'
[2.456s] INFO:colcon.colcon_core.shell:Creating prefix chain script '/home/kartik/Desktop/freelance/r2_hopper_ws/install/setup.sh'
[2.460s] INFO:colcon.colcon_core.shell:Creating prefix script '/home/kartik/Desktop/freelance/r2_hopper_ws/install/local_setup.bash'
[2.462s] INFO:colcon.colcon_core.shell:Creating prefix chain script '/home/kartik/Desktop/freelance/r2_hopper_ws/install/setup.bash'
[2.466s] INFO:colcon.colcon_core.shell:Creating prefix script '/home/kartik/Desktop/freelance/r2_hopper_ws/install/local_setup.zsh'
[2.467s] INFO:colcon.colcon_core.shell:Creating prefix chain script '/home/kartik/Desktop/freelance/r2_hopper_ws/install/setup.zsh'
